Determining if the pthread_create exist failed with the following output:
Change Dir: /home/archit/software/git/Privacy-preserving-biometrics/build/CMakeFiles/CMakeTmp

Run Build Command:"/usr/bin/make" "cmTC_b94c3/fast"
/usr/bin/make -f CMakeFiles/cmTC_b94c3.dir/build.make CMakeFiles/cmTC_b94c3.dir/build
make[1]: Entering directory '/home/archit/software/git/Privacy-preserving-biometrics/build/CMakeFiles/CMakeTmp'
Building CXX object CMakeFiles/cmTC_b94c3.dir/CheckSymbolExists.cxx.o
/usr/bin/c++      -o CMakeFiles/cmTC_b94c3.dir/CheckSymbolExists.cxx.o -c /home/archit/software/git/Privacy-preserving-biometrics/build/CMakeFiles/CMakeTmp/CheckSymbolExists.cxx
Linking CXX executable cmTC_b94c3
/usr/bin/cmake -E cmake_link_script CMakeFiles/cmTC_b94c3.dir/link.txt --verbose=1
/usr/bin/c++        CMakeFiles/cmTC_b94c3.dir/CheckSymbolExists.cxx.o  -o cmTC_b94c3 -rdynamic 
CMakeFiles/cmTC_b94c3.dir/CheckSymbolExists.cxx.o: In function `main':
CheckSymbolExists.cxx:(.text+0x16): undefined reference to `pthread_create'
collect2: error: ld returned 1 exit status
CMakeFiles/cmTC_b94c3.dir/build.make:97: recipe for target 'cmTC_b94c3' failed
make[1]: *** [cmTC_b94c3] Error 1
make[1]: Leaving directory '/home/archit/software/git/Privacy-preserving-biometrics/build/CMakeFiles/CMakeTmp'
Makefile:126: recipe for target 'cmTC_b94c3/fast' failed
make: *** [cmTC_b94c3/fast] Error 2

File /home/archit/software/git/Privacy-preserving-biometrics/build/CMakeFiles/CMakeTmp/CheckSymbolExists.cxx:
/* */
#include <pthread.h>

int main(int argc, char** argv)
{
  (void)argv;
#ifndef pthread_create
  return ((int*)(&pthread_create))[argc];
#else
  (void)argc;
  return 0;
#endif
}

Determining if the function pthread_create exists in the pthreads failed with the following output:
Change Dir: /home/archit/software/git/Privacy-preserving-biometrics/build/CMakeFiles/CMakeTmp

Run Build Command:"/usr/bin/make" "cmTC_1ac46/fast"
/usr/bin/make -f CMakeFiles/cmTC_1ac46.dir/build.make CMakeFiles/cmTC_1ac46.dir/build
make[1]: Entering directory '/home/archit/software/git/Privacy-preserving-biometrics/build/CMakeFiles/CMakeTmp'
Building CXX object CMakeFiles/cmTC_1ac46.dir/CheckFunctionExists.cxx.o
/usr/bin/c++     -DCHECK_FUNCTION_EXISTS=pthread_create   -o CMakeFiles/cmTC_1ac46.dir/CheckFunctionExists.cxx.o -c /home/archit/software/git/Privacy-preserving-biometrics/build/CMakeFiles/CheckLibraryExists/CheckFunctionExists.cxx
Linking CXX executable cmTC_1ac46
/usr/bin/cmake -E cmake_link_script CMakeFiles/cmTC_1ac46.dir/link.txt --verbose=1
/usr/bin/c++    -DCHECK_FUNCTION_EXISTS=pthread_create    CMakeFiles/cmTC_1ac46.dir/CheckFunctionExists.cxx.o  -o cmTC_1ac46 -rdynamic -lpthreads 
/usr/bin/ld: cannot find -lpthreads
collect2: error: ld returned 1 exit status
CMakeFiles/cmTC_1ac46.dir/build.make:97: recipe for target 'cmTC_1ac46' failed
make[1]: *** [cmTC_1ac46] Error 1
make[1]: Leaving directory '/home/archit/software/git/Privacy-preserving-biometrics/build/CMakeFiles/CMakeTmp'
Makefile:126: recipe for target 'cmTC_1ac46/fast' failed
make: *** [cmTC_1ac46/fast] Error 2


